{"numFailedTestSuites":0,"numFailedTests":0,"numPassedTestSuites":20,"numPassedTests":69,"numPendingTestSuites":0,"numPendingTests":0,"numRuntimeErrorTestSuites":0,"numTotalTestSuites":20,"numTotalTests":69,"openHandles":[],"snapshot":{"added":0,"didUpdate":false,"failure":false,"filesAdded":0,"filesRemoved":0,"filesUnmatched":0,"filesUpdated":0,"matched":23,"total":23,"unchecked":0,"uncheckedKeysByFile":[],"unmatched":0,"updated":0},"startTime":1561659393562,"success":true,"testResults":[{"assertionResults":[{"ancestorTitles":["<DemoDescription />"],"failureMessages":[],"fullName":"<DemoDescription /> snapshot","location":null,"status":"passed","title":"snapshot"},{"ancestorTitles":["<DemoDescription />"],"failureMessages":[],"fullName":"<DemoDescription /> handleChange","location":null,"status":"passed","title":"handleChange"}],"endTime":1561659398187,"message":"","name":"/Users/maechabin/Sites/practice/traveling-salesman-demo/src/demo/components/edit/__tests__/DemoEditDepartureArrival.test.tsx","startTime":1561659396066,"status":"passed","summary":""},{"assertionResults":[{"ancestorTitles":["<DemoRoutesList />","DisplaySide.Question"],"failureMessages":[],"fullName":"<DemoRoutesList /> DisplaySide.Question 経路リストの要素が全て表示されること","location":null,"status":"passed","title":"経路リストの要素が全て表示されること"},{"ancestorTitles":["<DemoRoutesList />","DisplaySide.Question"],"failureMessages":[],"fullName":"<DemoRoutesList /> DisplaySide.Question sortIdが0であればDemoQuestionListNotSorted、sortIdが0以上であればDemoQuestionListSortedがclass名として付与されること","location":null,"status":"passed","title":"sortIdが0であればDemoQuestionListNotSorted、sortIdが0以上であればDemoQuestionListSortedがclass名として付与されること"},{"ancestorTitles":["<DemoRoutesList />","DisplaySide.Question"],"failureMessages":[],"fullName":"<DemoRoutesList /> DisplaySide.Question 配列順に表示されること","location":null,"status":"passed","title":"配列順に表示されること"},{"ancestorTitles":["<DemoRoutesList />","DisplaySide.Question"],"failureMessages":[],"fullName":"<DemoRoutesList /> DisplaySide.Question answerWaypointOrderの要素数が0であれば、class名にDemoQuestionListMistakeを持ったリストはないこと","location":null,"status":"passed","title":"answerWaypointOrderの要素数が0であれば、class名にDemoQuestionListMistakeを持ったリストはないこと"},{"ancestorTitles":["<DemoRoutesList />","DisplaySide.Question"],"failureMessages":[],"fullName":"<DemoRoutesList /> DisplaySide.Question 正解の経路リストと一致しなかった場合は、class名にDemoQuestionListMistakeが付与されること","location":null,"status":"passed","title":"正解の経路リストと一致しなかった場合は、class名にDemoQuestionListMistakeが付与されること"},{"ancestorTitles":["<DemoRoutesList />","DisplaySide.Question"],"failureMessages":[],"fullName":"<DemoRoutesList /> DisplaySide.Question 経路リストの要素が全て表示されること","location":null,"status":"passed","title":"経路リストの要素が全て表示されること"},{"ancestorTitles":["<DemoRoutesList />","DisplaySide.Question"],"failureMessages":[],"fullName":"<DemoRoutesList /> DisplaySide.Question answerWaypointOrderの順番で経路リストがソートされること","location":null,"status":"passed","title":"answerWaypointOrderの順番で経路リストがソートされること"}],"endTime":1561659398242,"message":"","name":"/Users/maechabin/Sites/practice/traveling-salesman-demo/src/demo/components/shared/__tests__/DemoRouteList.test.tsx","startTime":1561659396061,"status":"passed","summary":""},{"assertionResults":[{"ancestorTitles":["<DemoEdit />"],"failureMessages":[],"fullName":"<DemoEdit /> 子コンポーネントをレンダリングすること","location":null,"status":"passed","title":"子コンポーネントをレンダリングすること"}],"endTime":1561659398265,"message":"","name":"/Users/maechabin/Sites/practice/traveling-salesman-demo/src/demo/components/edit/__tests__/DemoEdit.test.tsx","startTime":1561659396057,"status":"passed","summary":""},{"assertionResults":[{"ancestorTitles":["<DemoQuestionOptions />"],"failureMessages":[],"fullName":"<DemoQuestionOptions /> init - snapshot","location":null,"status":"passed","title":"init - snapshot"},{"ancestorTitles":["<DemoQuestionOptions />","handleChange","移動手段"],"failureMessages":[],"fullName":"<DemoQuestionOptions /> handleChange 移動手段 #transport-car","location":null,"status":"passed","title":"#transport-car"},{"ancestorTitles":["<DemoQuestionOptions />","handleChange","移動手段"],"failureMessages":[],"fullName":"<DemoQuestionOptions /> handleChange 移動手段 #transport-walk","location":null,"status":"passed","title":"#transport-walk"},{"ancestorTitles":["<DemoQuestionOptions />","handleChange"],"failureMessages":[],"fullName":"<DemoQuestionOptions /> handleChange 移動手段","location":null,"status":"passed","title":"移動手段"},{"ancestorTitles":["<DemoQuestionOptions />","handleChange"],"failureMessages":[],"fullName":"<DemoQuestionOptions /> handleChange 交通量の見積もり","location":null,"status":"passed","title":"交通量の見積もり"},{"ancestorTitles":["<DemoQuestionOptions />","handleChange","交通量の見積もりの項目"],"failureMessages":[],"fullName":"<DemoQuestionOptions /> handleChange 交通量の見積もりの項目 #traffic-bestguess","location":null,"status":"passed","title":"#traffic-bestguess"},{"ancestorTitles":["<DemoQuestionOptions />","handleChange","交通量の見積もりの項目"],"failureMessages":[],"fullName":"<DemoQuestionOptions /> handleChange 交通量の見積もりの項目 #traffic-optimistic","location":null,"status":"passed","title":"#traffic-optimistic"},{"ancestorTitles":["<DemoQuestionOptions />","handleChange","交通量の見積もりの項目"],"failureMessages":[],"fullName":"<DemoQuestionOptions /> handleChange 交通量の見積もりの項目 #traffic-pessimistic","location":null,"status":"passed","title":"#traffic-pessimistic"},{"ancestorTitles":["<DemoQuestionOptions />","disabled"],"failureMessages":[],"fullName":"<DemoQuestionOptions /> disabled questionStepがEdit未満でtransportがcarの場合、全ての選択肢が選択可能であること","location":null,"status":"passed","title":"questionStepがEdit未満でtransportがcarの場合、全ての選択肢が選択可能であること"},{"ancestorTitles":["<DemoQuestionOptions />","disabled"],"failureMessages":[],"fullName":"<DemoQuestionOptions /> disabled questionStepがEdit未満でtransportがwalkの場合、expresswayとtrafficの選択肢がdisabledであること","location":null,"status":"passed","title":"questionStepがEdit未満でtransportがwalkの場合、expresswayとtrafficの選択肢がdisabledであること"},{"ancestorTitles":["<DemoQuestionOptions />","disabled"],"failureMessages":[],"fullName":"<DemoQuestionOptions /> disabled questionStepがEdit以上の場合、全ての選択肢がdisabledであること","location":null,"status":"passed","title":"questionStepがEdit以上の場合、全ての選択肢がdisabledであること"},{"ancestorTitles":["<DemoQuestionOptions />","checked"],"failureMessages":[],"fullName":"<DemoQuestionOptions /> checked transportがwalkの場合、expresswayのチェックが外れていること","location":null,"status":"passed","title":"transportがwalkの場合、expresswayのチェックが外れていること"},{"ancestorTitles":["<DemoQuestionOptions />","checked"],"failureMessages":[],"fullName":"<DemoQuestionOptions /> checked transportがwalkの場合、trafficは「しない」を選択していること","location":null,"status":"passed","title":"transportがwalkの場合、trafficは「しない」を選択していること"}],"endTime":1561659398561,"message":"","name":"/Users/maechabin/Sites/practice/traveling-salesman-demo/src/demo/components/question/__tests__/DemoQuestionOptions.test.tsx","startTime":1561659398220,"status":"passed","summary":""},{"assertionResults":[{"ancestorTitles":["<DemoQuestion />"],"failureMessages":[],"fullName":"<DemoQuestion /> 子コンポーネントをレンダリングすること","location":null,"status":"passed","title":"子コンポーネントをレンダリングすること"},{"ancestorTitles":["<DemoQuestion />"],"failureMessages":[],"fullName":"<DemoQuestion /> 経路リストにsortIdが付与されていない場合、Id順（昇順）に表示されること","location":null,"status":"passed","title":"経路リストにsortIdが付与されていない場合、Id順（昇順）に表示されること"},{"ancestorTitles":["<DemoQuestion />"],"failureMessages":[],"fullName":"<DemoQuestion /> 経路リストにsortIdが付与されていた場合、sortId順（降順）に表示されること","location":null,"status":"passed","title":"経路リストにsortIdが付与されていた場合、sortId順（降順）に表示されること"},{"ancestorTitles":["<DemoQuestion />"],"failureMessages":[],"fullName":"<DemoQuestion /> sortIdが0以上であった場合、sortIdが優先してソートされること","location":null,"status":"passed","title":"sortIdが0以上であった場合、sortIdが優先してソートされること"}],"endTime":1561659398636,"message":"","name":"/Users/maechabin/Sites/practice/traveling-salesman-demo/src/demo/components/question/__tests__/DemoQuestion.test.tsx","startTime":1561659398294,"status":"passed","summary":""},{"assertionResults":[{"ancestorTitles":["<Demo />"],"failureMessages":[],"fullName":"<Demo /> questionStepがStep.Answerの場合、<DemoAnswer />がレンダリングされること","location":null,"status":"passed","title":"questionStepがStep.Answerの場合、<DemoAnswer />がレンダリングされること"},{"ancestorTitles":["<Demo />"],"failureMessages":[],"fullName":"<Demo /> questionStepがStep.Initialの場合、<DemoDescription />がレンダリングされること","location":null,"status":"passed","title":"questionStepがStep.Initialの場合、<DemoDescription />がレンダリングされること"},{"ancestorTitles":["<Demo />"],"failureMessages":[],"fullName":"<Demo /> questionStepがStep.Initialの場合、<DemoEdit />がレンダリングされること","location":null,"status":"passed","title":"questionStepがStep.Initialの場合、<DemoEdit />がレンダリングされること"}],"endTime":1561659398711,"message":"","name":"/Users/maechabin/Sites/practice/traveling-salesman-demo/src/demo/components/__tests__/Demo.test.tsx","startTime":1561659398267,"status":"passed","summary":""},{"assertionResults":[{"ancestorTitles":["demoReducer"],"failureMessages":[],"fullName":"demoReducer 初期stateを返すこと","location":null,"status":"passed","title":"初期stateを返すこと"},{"ancestorTitles":["demoReducer"],"failureMessages":[],"fullName":"demoReducer ActionType.UPDATE_ROUTES_SORT","location":null,"status":"passed","title":"ActionType.UPDATE_ROUTES_SORT"},{"ancestorTitles":["demoReducer"],"failureMessages":[],"fullName":"demoReducer ActionType.UPDATE_GROSS","location":null,"status":"passed","title":"ActionType.UPDATE_GROSS"},{"ancestorTitles":["demoReducer"],"failureMessages":[],"fullName":"demoReducer ActionType.UPDATE_ANSWER_DATA","location":null,"status":"passed","title":"ActionType.UPDATE_ANSWER_DATA"},{"ancestorTitles":["demoReducer"],"failureMessages":[],"fullName":"demoReducer ActionType.UPDATE_ROUTES","location":null,"status":"passed","title":"ActionType.UPDATE_ROUTES"},{"ancestorTitles":["demoReducer"],"failureMessages":[],"fullName":"demoReducer ActionType.UPDATE_QUESTION_STEP","location":null,"status":"passed","title":"ActionType.UPDATE_QUESTION_STEP"},{"ancestorTitles":["demoReducer"],"failureMessages":[],"fullName":"demoReducer ActionType.UPDATE_QUESTION_OPTION","location":null,"status":"passed","title":"ActionType.UPDATE_QUESTION_OPTION"},{"ancestorTitles":["demoReducer"],"failureMessages":[],"fullName":"demoReducer ActionType.INITIALIZE_DEMO","location":null,"status":"passed","title":"ActionType.INITIALIZE_DEMO"}],"endTime":1561659398874,"message":"","name":"/Users/maechabin/Sites/practice/traveling-salesman-demo/src/demo/__tests__/demoReducer.test.tsx","startTime":1561659398582,"status":"passed","summary":""},{"assertionResults":[{"ancestorTitles":["actions"],"failureMessages":[],"fullName":"actions updateRoutesSort","location":null,"status":"passed","title":"updateRoutesSort"},{"ancestorTitles":["actions"],"failureMessages":[],"fullName":"actions updateGross","location":null,"status":"passed","title":"updateGross"},{"ancestorTitles":["actions"],"failureMessages":[],"fullName":"actions updateAnswerData","location":null,"status":"passed","title":"updateAnswerData"},{"ancestorTitles":["actions"],"failureMessages":[],"fullName":"actions updateRoutes","location":null,"status":"passed","title":"updateRoutes"},{"ancestorTitles":["actions"],"failureMessages":[],"fullName":"actions updateQuestionOption","location":null,"status":"passed","title":"updateQuestionOption"},{"ancestorTitles":["actions"],"failureMessages":[],"fullName":"actions initializeDemo","location":null,"status":"passed","title":"initializeDemo"},{"ancestorTitles":["actions"],"failureMessages":[],"fullName":"actions updateQuestionStep","location":null,"status":"passed","title":"updateQuestionStep"}],"endTime":1561659399024,"message":"","name":"/Users/maechabin/Sites/practice/traveling-salesman-demo/src/demo/__tests__/demoAction.test.tsx","startTime":1561659398659,"status":"passed","summary":""},{"assertionResults":[{"ancestorTitles":["<DemoDescription />"],"failureMessages":[],"fullName":"<DemoDescription /> snapshot","location":null,"status":"passed","title":"snapshot"},{"ancestorTitles":["<DemoDescription />"],"failureMessages":[],"fullName":"<DemoDescription /> handleChange","location":null,"status":"passed","title":"handleChange"}],"endTime":1561659399122,"message":"","name":"/Users/maechabin/Sites/practice/traveling-salesman-demo/src/demo/components/edit/__tests__/DemoEditRoutes.test.tsx","startTime":1561659398731,"status":"passed","summary":""},{"assertionResults":[{"ancestorTitles":["<DemoDescription />"],"failureMessages":[],"fullName":"<DemoDescription /> snapshot","location":null,"status":"passed","title":"snapshot"},{"ancestorTitles":["<DemoDescription />"],"failureMessages":[],"fullName":"<DemoDescription /> children","location":null,"status":"passed","title":"children"}],"endTime":1561659399241,"message":"","name":"/Users/maechabin/Sites/practice/traveling-salesman-demo/src/demo/components/layout/__tests__/Layout.test.tsx","startTime":1561659398905,"status":"passed","summary":""},{"assertionResults":[{"ancestorTitles":["<DemoAnswerMark />"],"failureMessages":[],"fullName":"<DemoAnswerMark /> answerWaypointOrderが空の場合、何も表示されないこと","location":null,"status":"passed","title":"answerWaypointOrderが空の場合、何も表示されないこと"},{"ancestorTitles":["<DemoAnswerMark />"],"failureMessages":[],"fullName":"<DemoAnswerMark /> answerWaypointOrderが[0, 1, 2, 3, 4, 5, 6, 7]の場合、「正 解」が表示されること","location":null,"status":"passed","title":"answerWaypointOrderが[0, 1, 2, 3, 4, 5, 6, 7]の場合、「正 解」が表示されること"},{"ancestorTitles":["<DemoAnswerMark />"],"failureMessages":[],"fullName":"<DemoAnswerMark /> answerWaypointOrderが[0, 1, 2, 3]の場合、「正 解」が表示されること","location":null,"status":"passed","title":"answerWaypointOrderが[0, 1, 2, 3]の場合、「正 解」が表示されること"},{"ancestorTitles":["<DemoAnswerMark />"],"failureMessages":[],"fullName":"<DemoAnswerMark /> answerWaypointOrderが[0, 1, 2, 3, 4, 5, 6, 7]でない場合、「残 念」が表示されること","location":null,"status":"passed","title":"answerWaypointOrderが[0, 1, 2, 3, 4, 5, 6, 7]でない場合、「残 念」が表示されること"}],"endTime":1561659399425,"message":"","name":"/Users/maechabin/Sites/practice/traveling-salesman-demo/src/demo/components/answer/__tests__/DemoAnswerMark.test.tsx","startTime":1561659399074,"status":"passed","summary":""},{"assertionResults":[{"ancestorTitles":["<DemoGross />"],"failureMessages":[],"fullName":"<DemoGross /> propsから受け取った総距離/総時間の値を表示すること","location":null,"status":"passed","title":"propsから受け取った総距離/総時間の値を表示すること"}],"endTime":1561659399433,"message":"","name":"/Users/maechabin/Sites/practice/traveling-salesman-demo/src/demo/components/shared/__tests__/DemoGross.test.tsx","startTime":1561659399145,"status":"passed","summary":""},{"assertionResults":[{"ancestorTitles":["<DemoAnswerMap />"],"failureMessages":[],"fullName":"<DemoAnswerMap /> snapshot","location":null,"status":"passed","title":"snapshot"},{"ancestorTitles":["<DemoAnswerMap />"],"failureMessages":[],"fullName":"<DemoAnswerMap /> componentDidMount","location":null,"status":"passed","title":"componentDidMount"},{"ancestorTitles":["<DemoAnswerMap />"],"failureMessages":[],"fullName":"<DemoAnswerMap /> init","location":null,"status":"passed","title":"init"}],"endTime":1561659399668,"message":"","name":"/Users/maechabin/Sites/practice/traveling-salesman-demo/src/demo/components/answer/__tests__/DemoAnswerMap.test.tsx","startTime":1561659399439,"status":"passed","summary":""},{"assertionResults":[{"ancestorTitles":["<DemoAnswer />"],"failureMessages":[],"fullName":"<DemoAnswer /> 子コンポーネントをレンダリングすること","location":null,"status":"passed","title":"子コンポーネントをレンダリングすること"}],"endTime":1561659399707,"message":"","name":"/Users/maechabin/Sites/practice/traveling-salesman-demo/src/demo/components/answer/__tests__/DemoAnswer.test.tsx","startTime":1561659399294,"status":"passed","summary":""},{"assertionResults":[{"ancestorTitles":["<DemoDescriptionText />"],"failureMessages":[],"fullName":"<DemoDescriptionText /> 子コンポーネントをレンダリングすること","location":null,"status":"passed","title":"子コンポーネントをレンダリングすること"}],"endTime":1561659399745,"message":"","name":"/Users/maechabin/Sites/practice/traveling-salesman-demo/src/demo/components/description/__tests__/DemoDescriptionText.test.tsx","startTime":1561659399458,"status":"passed","summary":""},{"assertionResults":[{"ancestorTitles":["<DemoDescription />"],"failureMessages":[],"fullName":"<DemoDescription /> snapshot","location":null,"status":"passed","title":"snapshot"}],"endTime":1561659400108,"message":"","name":"/Users/maechabin/Sites/practice/traveling-salesman-demo/src/demo/components/layout/__tests__/Header.test.tsx","startTime":1561659399688,"status":"passed","summary":""},{"assertionResults":[{"ancestorTitles":["<DemoDescription />"],"failureMessages":[],"fullName":"<DemoDescription /> 子コンポーネントをレンダリングすること","location":null,"status":"passed","title":"子コンポーネントをレンダリングすること"}],"endTime":1561659400121,"message":"","name":"/Users/maechabin/Sites/practice/traveling-salesman-demo/src/demo/components/description/__tests__/DemoDescription.test.tsx","startTime":1561659399721,"status":"passed","summary":""},{"assertionResults":[{"ancestorTitles":["<Demobutton />"],"failureMessages":[],"fullName":"<Demobutton /> propsから受け取った値を適切に表示すること","location":null,"status":"passed","title":"propsから受け取った値を適切に表示すること"},{"ancestorTitles":["<Demobutton />"],"failureMessages":[],"fullName":"<Demobutton /> ボタンをクリックした時にprops.callbackが呼び出されること","location":null,"status":"passed","title":"ボタンをクリックした時にprops.callbackが呼び出されること"}],"endTime":1561659400132,"message":"","name":"/Users/maechabin/Sites/practice/traveling-salesman-demo/src/demo/components/shared/__tests__/DemoButton.test.tsx","startTime":1561659399812,"status":"passed","summary":""},{"assertionResults":[{"ancestorTitles":["<DemoEditText />"],"failureMessages":[],"fullName":"<DemoEditText /> 子コンポーネントをレンダリングすること","location":null,"status":"passed","title":"子コンポーネントをレンダリングすること"}],"endTime":1561659400330,"message":"","name":"/Users/maechabin/Sites/practice/traveling-salesman-demo/src/demo/components/edit/__tests__/DemoEditText.test.tsx","startTime":1561659400123,"status":"passed","summary":""},{"assertionResults":[{"ancestorTitles":["<DemoQuestionMap />"],"failureMessages":[],"fullName":"<DemoQuestionMap /> snapshot","location":null,"status":"passed","title":"snapshot"},{"ancestorTitles":["<DemoQuestionMap />"],"failureMessages":[],"fullName":"<DemoQuestionMap /> componentDidMount","location":null,"status":"passed","title":"componentDidMount"},{"ancestorTitles":["<DemoQuestionMap />","domponentDidUpdate"],"failureMessages":[],"fullName":"<DemoQuestionMap /> domponentDidUpdate Step.Initial","location":null,"status":"passed","title":"Step.Initial"},{"ancestorTitles":["<DemoQuestionMap />","domponentDidUpdate"],"failureMessages":[],"fullName":"<DemoQuestionMap /> domponentDidUpdate Step.Select","location":null,"status":"passed","title":"Step.Select"},{"ancestorTitles":["<DemoQuestionMap />"],"failureMessages":[],"fullName":"<DemoQuestionMap /> init","location":null,"status":"passed","title":"init"}],"endTime":1561659400362,"message":"","name":"/Users/maechabin/Sites/practice/traveling-salesman-demo/src/demo/components/question/__tests__/DemoQuestionMap.test.tsx","startTime":1561659400165,"status":"passed","summary":""}],"wasInterrupted":false}